<?xml version="1.0" encoding="UTF-8"?>
<!-- Generated by org.testng.reporters.JUnitXMLReporter -->
<testsuite ignored="0" hostname="DESKTOP-6J1GVBF" failures="1" tests="1" name="Command line test" time="4.55" errors="0" timestamp="04 ago. 2020 19:08:08 GMT">
  <testcase classname="Test" name="Test" time="4.523">
    <failure type="java.lang.AssertionError" message="expected [true] but found [false]">
      <![CDATA[java.lang.AssertionError: expected [true] but found [false]
at Test.Test(Test.java:27)
... Removed 38 stack frames]]>
    </failure>
  </testcase> <!-- Test -->
</testsuite> <!-- Command line test -->
